<?xml version="1.0" encoding="UTF-8"?>
<!-- Generated by org.testng.reporters.JUnitXMLReporter -->
<testsuite ignored="0" hostname="DESKTOP-TNLICC1" failures="0" tests="3" name="Default test" time="0.108" errors="0" timestamp="2022-09-08T21:37:03 IST">
  <testcase classname="test.LoanTest" name="PersonalLoanTest1" time="0.009"/>
  <testcase classname="test.LoanTest" name="HomeLoanTest" time="0.004"/>
  <testcase classname="test.LoanTest" name="PersonalLoanTest" time="0.001"/>
</testsuite> <!-- Default test -->
