<?xml version="1.0" encoding="UTF-8"?>
<!-- Generated by org.testng.reporters.JUnitXMLReporter -->
<testsuite ignored="2" hostname="DESKTOP-TNLICC1" failures="0" tests="4" name="Test" time="0.118" errors="0" timestamp="2022-09-08T21:26:32 IST">
  <testcase classname="test.LoanTest" name="HomeLoanTest" time="0.008"/>
  <testcase classname="test.LoanTest" name="PersonalLoanTest" time="0.003"/>
  <testcase classname="test.LoanTest" name="PersonalLoanTest1" time="0.002"/>
  <testcase classname="test.CardTest" name="CCTest" time="0.002"/>
  <testcase classname="test.BaseClass" name="@BeforeTest Method3" time="0.0">
    <ignored/>
  </testcase> <!-- @BeforeTest Method3 -->
  <testcase classname="test.BaseClass" name="@AfterTest Method4" time="0.0">
    <ignored/>
  </testcase> <!-- @AfterTest Method4 -->
</testsuite> <!-- Test -->
