<?xml version="1.0" encoding="UTF-8"?>
<testng-results ignored="0" total="3" passed="3" failed="0" skipped="0">
  <reporter-output>
  </reporter-output>
  <suite started-at="2022-09-08T21:37:03 IST" name="Default suite" finished-at="2022-09-08T21:37:03 IST" duration-ms="108">
    <groups>
      <group name="regression">
        <method signature="LoanTest.HomeLoanTest()[pri:1, instance:test.LoanTest@29e495ff]" name="HomeLoanTest" class="test.LoanTest"/>
        <method signature="LoanTest.PersonalLoanTest()[pri:2, instance:test.LoanTest@29e495ff]" name="PersonalLoanTest" class="test.LoanTest"/>
        <method signature="LoanTest.PersonalLoanTest1()[pri:0, instance:test.LoanTest@29e495ff]" name="PersonalLoanTest1" class="test.LoanTest"/>
      </group> <!-- regression -->
    </groups>
    <test started-at="2022-09-08T21:37:03 IST" name="Default test" finished-at="2022-09-08T21:37:03 IST" duration-ms="108">
      <class name="test.LoanTest">
        <test-method is-config="true" signature="Method3()[pri:0, instance:test.LoanTest@29e495ff]" started-at="2022-09-08T21:37:03 IST" name="Method3" finished-at="2022-09-08T21:37:03 IST" duration-ms="11" status="PASS">
          <reporter-output>
          </reporter-output>
        </test-method> <!-- Method3 -->
        <test-method is-config="true" signature="method1()[pri:0, instance:test.LoanTest@29e495ff]" started-at="2022-09-08T21:37:03 IST" name="method1" finished-at="2022-09-08T21:37:03 IST" duration-ms="0" status="PASS">
          <reporter-output>
          </reporter-output>
        </test-method> <!-- method1 -->
        <test-method signature="PersonalLoanTest1()[pri:0, instance:test.LoanTest@29e495ff]" started-at="2022-09-08T21:37:03 IST" name="PersonalLoanTest1" finished-at="2022-09-08T21:37:03 IST" duration-ms="9" status="PASS">
          <reporter-output>
          </reporter-output>
        </test-method> <!-- PersonalLoanTest1 -->
        <test-method is-config="true" signature="method2()[pri:0, instance:test.LoanTest@29e495ff]" started-at="2022-09-08T21:37:03 IST" name="method2" finished-at="2022-09-08T21:37:03 IST" duration-ms="1" status="PASS">
          <reporter-output>
          </reporter-output>
        </test-method> <!-- method2 -->
        <test-method signature="HomeLoanTest()[pri:1, instance:test.LoanTest@29e495ff]" started-at="2022-09-08T21:37:03 IST" name="HomeLoanTest" finished-at="2022-09-08T21:37:03 IST" duration-ms="4" status="PASS">
          <reporter-output>
          </reporter-output>
        </test-method> <!-- HomeLoanTest -->
        <test-method is-config="true" signature="method1()[pri:0, instance:test.LoanTest@29e495ff]" started-at="2022-09-08T21:37:03 IST" name="method1" finished-at="2022-09-08T21:37:03 IST" duration-ms="0" status="PASS">
          <reporter-output>
          </reporter-output>
        </test-method> <!-- method1 -->
        <test-method is-config="true" signature="method2()[pri:0, instance:test.LoanTest@29e495ff]" started-at="2022-09-08T21:37:03 IST" name="method2" finished-at="2022-09-08T21:37:03 IST" duration-ms="0" status="PASS">
          <reporter-output>
          </reporter-output>
        </test-method> <!-- method2 -->
        <test-method is-config="true" signature="method1()[pri:0, instance:test.LoanTest@29e495ff]" started-at="2022-09-08T21:37:03 IST" name="method1" finished-at="2022-09-08T21:37:03 IST" duration-ms="0" status="PASS">
          <reporter-output>
          </reporter-output>
        </test-method> <!-- method1 -->
        <test-method signature="PersonalLoanTest()[pri:2, instance:test.LoanTest@29e495ff]" started-at="2022-09-08T21:37:03 IST" name="PersonalLoanTest" finished-at="2022-09-08T21:37:03 IST" duration-ms="1" status="PASS">
          <reporter-output>
          </reporter-output>
        </test-method> <!-- PersonalLoanTest -->
        <test-method is-config="true" signature="method2()[pri:0, instance:test.LoanTest@29e495ff]" started-at="2022-09-08T21:37:03 IST" name="method2" finished-at="2022-09-08T21:37:03 IST" duration-ms="2" status="PASS">
          <reporter-output>
          </reporter-output>
        </test-method> <!-- method2 -->
        <test-method is-config="true" signature="Method4()[pri:0, instance:test.LoanTest@29e495ff]" started-at="2022-09-08T21:37:03 IST" name="Method4" finished-at="2022-09-08T21:37:03 IST" duration-ms="0" status="PASS">
          <reporter-output>
          </reporter-output>
        </test-method> <!-- Method4 -->
      </class> <!-- test.LoanTest -->
    </test> <!-- Default test -->
  </suite> <!-- Default suite -->
</testng-results>
